Creating tiled net
Generate data
Running multicore CPU implementation of PC algorithm
Number of colliders: (478, 0.33520336605890605)
Number of missed edges in superstructure (which has 131 edges) 76 out of 139 edges
superstructure
Percent of edges covered by partition: 0.8854961832061069
Modularity for Overlapping partitions: 1.949028713770703
Running local causal discovery...
Launching processes
CD serial SHD: 139.284077134262 SID: 0 AUC: 0.46834372955288983, TPR,FPR: (0.48091603053435117, 0.03545799915576193)
CD partition SHD: 142.85543868509484 SID: 0 AUC: 0.4557285370699572, TPR,FPR: (0.46564885496183206, 0.03588011819333052)
Delta causality: SHD -3.5713615508328473, SID 0, AUC 0.012615192482932636, TPR 0.01526717557251911 , FPR -0.00042211903756859265
Time to solution (s): CD_serial 12.789040088653564 , CD_partition 22.709754467010498
superstructure_weighted
Percent of edges covered by partition: 0.8854961832061069
Modularity for Overlapping partitions: 1.9490287137707025
Running local causal discovery...
Launching processes
CD serial SHD: 139.284077134262 SID: 0 AUC: 0.46834372955288983, TPR,FPR: (0.48091603053435117, 0.03545799915576193)
CD partition SHD: 142.85543868509484 SID: 0 AUC: 0.4557285370699572, TPR,FPR: (0.46564885496183206, 0.03588011819333052)
Delta causality: SHD -3.5713615508328473, SID 0, AUC 0.012615192482932636, TPR 0.01526717557251911 , FPR -0.00042211903756859265
Time to solution (s): CD_serial 11.888612985610962 , CD_partition 23.812549352645874
dag
Percent of edges covered by partition: 0.8633093525179856
Modularity for Overlapping partitions: 0.4350476190476191
Running local causal discovery...
Launching processes
CD serial SHD: 98.01955288490076 SID: 0 AUC: 0.5636088729016786, TPR,FPR: (0.5611510791366906, 0.02795425667090216)
CD partition SHD: 98.01955288490076 SID: 0 AUC: 0.5636088729016786, TPR,FPR: (0.5611510791366906, 0.02795425667090216)
Delta causality: SHD 0.0, SID 0, AUC 0.0, TPR 0.0 , FPR 0.0
Time to solution (s): CD_serial 12.149937868118286 , CD_partition 20.04066300392151
